-- Boost version: 1.62.0
-- Found the following Boost libraries:
--   filesystem
--   thread
--   system
--   date_time
--   chrono
--   regex
--   iostreams
--   atomic
-- Could NOT find GME (missing:  GME_INCLUDE_DIR) 
-- Using system zlib
-- Using system jpeg library
-- Using system bzip2 library
-- Using internal gme library
-- /usr/include
-- /usr/include
-- /mnt/d/workspace/github/RLEnvVizDoom.jl/deps/usr/ViZDoom-1.1.6/src/vizdoom/lzma/C
-- Could not find FMOD include files
-- Could NOT find SndFile (missing:  SNDFILE_LIBRARY SNDFILE_INCLUDE_DIR) 
-- Could NOT find MPG123 (missing:  MPG123_LIBRARIES MPG123_INCLUDE_DIR) 
-- Selected assembler: /usr/bin/as
-- Boost version: 1.62.0
-- Found the following Boost libraries:
--   thread
--   system
--   date_time
--   chrono
--   atomic
-- Fluid synth libs: /usr/lib/x86_64-linux-gnu/libfluidsynth.so
-- Julia_VERSION_STRING: 0.7.0
-- Julia_INCLUDE_DIRS:   /mnt/d/workspace/software/debian/julia-0.7.0/include/julia
ERROR: ArgumentError: Package Libdl not found in current path:
- Run `Pkg.add("Libdl")` to install the Libdl package.

Stacktrace:
 [1] require(::Module, ::Symbol) at ./loading.jl:817
-- Julia_LIBRARY_DIR:    
-- Julia_LIBRARY:        /mnt/d/workspace/software/debian/julia-0.7.0/lib/libjulia.so
-- JULIA_HOME:           /mnt/d/workspace/software/debian/julia-0.7.0/bin
-- Julia_LLVM_VERSION:   v6.0.0
-- Julia_WORD_SIZE:      64
-- Julia not found (missing:  Julia_LIBRARY_DIR) (found version "0.7.0")
-- Configuring done
-- Generating done
-- Build files have been written to: /mnt/d/workspace/github/RLEnvVizDoom.jl/deps/usr/ViZDoom-1.1.6
[  2%] Built target libvizdoom_static
[  3%] Built target libvizdoom_shared
[  3%] Downloading freedoom2.wad
[  3%] Built target freedoom2
[ 11%] Built target gme
[ 15%] Built target lzma
[ 16%] Built target lemon
[ 18%] Built target re2c
[ 19%] Built target updaterevision
[ 20%] Built target zipdir
[ 36%] Built target dumb
[ 36%] Built target arithchk
[ 36%] Built target qnan
[ 37%] Built target gdtoa
[100%] Built target vizdoom
[100%] Generating ../../../bin/vizdoom.pk3
/mnt/d/workspace/github/RLEnvVizDoom.jl/deps/usr/ViZDoom-1.1.6/src/vizdoom/../../bin/vizdoom.pk3 contains 583 files (updated 0)
[100%] Built target pk3
Scanning dependencies of target vizdoomjl
[100%] Building CXX object src/lib_julia/CMakeFiles/vizdoomjl.dir/ViZDoomJuliaModule.cpp.o
[100%] Linking CXX shared library ../../bin/libvizdoomjl.so
[100%] Built target vizdoomjl
┌ Warning: Could not extract the platform key of https://github.com/mwydmuch/ViZDoom/archive/1.1.6; continuing...
└ @ BinaryProvider ~/.julia/packages/BinaryProvider/ZbFxn/src/Prefix.jl:226
